0 info it worked if it ends with ok
1 verbose cli [ '/home/tlt/.nvm/versions/node/v0.12.7/bin/node',
1 verbose cli   '/home/tlt/.nvm/versions/node/v0.12.7/bin/npm',
1 verbose cli   'install',
1 verbose cli   'weinre' ]
2 info using npm@2.11.3
3 info using node@v0.12.7
4 verbose install initial load of /home/tlt/lonic/myApp/package.json
5 warn package.json myapp@1.0.0 No repository field.
6 warn package.json myapp@1.0.0 No README data
7 warn package.json myapp@1.0.0 No license field.
8 verbose readDependencies loading dependencies from /home/tlt/lonic/myApp/package.json
9 silly cache add args [ 'weinre', null ]
10 verbose cache add spec weinre
11 silly cache add parsed spec { raw: 'weinre',
11 silly cache add   scope: null,
11 silly cache add   name: 'weinre',
11 silly cache add   rawSpec: '',
11 silly cache add   spec: '*',
11 silly cache add   type: 'range' }
12 silly addNamed weinre@*
13 verbose addNamed "*" is a valid semver range for weinre
14 silly addNameRange { name: 'weinre', range: '*', hasData: false }
15 silly mapToRegistry name weinre
16 silly mapToRegistry using default registry
17 silly mapToRegistry registry https://registry.npmjs.org/
18 silly mapToRegistry uri https://registry.npmjs.org/weinre
19 verbose addNameRange registry:https://registry.npmjs.org/weinre not in flight; fetching
20 verbose request uri https://registry.npmjs.org/weinre
21 verbose request no auth needed
22 info attempt registry request try #1 at 20:58:14
23 verbose request id ae50b53519bda1b1
24 http request GET https://registry.npmjs.org/weinre
25 http 200 https://registry.npmjs.org/weinre
26 silly get cb [ 200,
26 silly get   { server: 'CouchDB/1.5.0 (Erlang OTP/R16B03)',
26 silly get     etag: '"9QCJHHFES350KGT627Y19ZKB8"',
26 silly get     'content-type': 'application/json',
26 silly get     'cache-control': 'max-age=60',
26 silly get     'content-length': '18594',
26 silly get     'accept-ranges': 'bytes',
26 silly get     date: 'Sun, 11 Oct 2015 12:58:44 GMT',
26 silly get     via: '1.1 varnish',
26 silly get     age: '0',
26 silly get     connection: 'keep-alive',
26 silly get     'x-served-by': 'cache-itm7427-ITM',
26 silly get     'x-cache': 'MISS',
26 silly get     'x-cache-hits': '0',
26 silly get     'x-timer': 'S1444568323.825581,VS0,VE548',
26 silly get     vary: 'Accept' } ]
27 verbose get saving weinre to /home/tlt/.npm/registry.npmjs.org/weinre/.cache.json
28 silly addNameRange number 2 { name: 'weinre', range: '*', hasData: true }
29 silly addNameRange versions [ 'weinre',
29 silly addNameRange   [ '2.0.0-pre-H0WTHDO5-incubating',
29 silly addNameRange     '2.0.0-pre-H1GCS73N-incubating',
29 silly addNameRange     '2.0.0-pre-H3FWTQKQ-incubating',
29 silly addNameRange     '2.0.0-pre-H41DGW8S-incubating',
29 silly addNameRange     '2.0.0-pre-H8EOSCLN-incubating',
29 silly addNameRange     '2.0.0-pre-H9PU2WST-incubating',
29 silly addNameRange     '2.0.0-pre-HA5N9T49',
29 silly addNameRange     '2.0.0-pre-HG9PLCRF',
29 silly addNameRange     '2.0.0-pre-HH0SN197',
29 silly addNameRange     '2.0.0-pre-HYFXM3QM',
29 silly addNameRange     '2.0.0-pre-HZ79PDUK',
29 silly addNameRange     '2.0.0-pre-HZO3BMNG',
29 silly addNameRange     '2.0.0-pre-I0Z7U9OV' ] ]
30 verbose stack Error: No compatible version found: weinre@'*'
30 verbose stack Valid install targets:
30 verbose stack ["2.0.0-pre-H0WTHDO5-incubating","2.0.0-pre-H1GCS73N-incubating","2.0.0-pre-H3FWTQKQ-incubating","2.0.0-pre-H41DGW8S-incubating","2.0.0-pre-H8EOSCLN-incubating","2.0.0-pre-H9PU2WST-incubating","2.0.0-pre-HA5N9T49","2.0.0-pre-HG9PLCRF","2.0.0-pre-HH0SN197","2.0.0-pre-HYFXM3QM","2.0.0-pre-HZ79PDUK","2.0.0-pre-HZO3BMNG","2.0.0-pre-I0Z7U9OV"]
30 verbose stack
30 verbose stack     at installTargetsError (/home/tlt/.nvm/versions/node/v0.12.7/lib/node_modules/npm/lib/cache/add-named.js:274:12)
30 verbose stack     at next (/home/tlt/.nvm/versions/node/v0.12.7/lib/node_modules/npm/lib/cache/add-named.js:253:17)
30 verbose stack     at setData (/home/tlt/.nvm/versions/node/v0.12.7/lib/node_modules/npm/lib/cache/add-named.js:230:5)
30 verbose stack     at RES (/home/tlt/.nvm/versions/node/v0.12.7/lib/node_modules/npm/node_modules/inflight/inflight.js:23:14)
30 verbose stack     at f (/home/tlt/.nvm/versions/node/v0.12.7/lib/node_modules/npm/node_modules/once/once.js:17:25)
30 verbose stack     at fixName (/home/tlt/.nvm/versions/node/v0.12.7/lib/node_modules/npm/lib/cache/add-named.js:29:5)
30 verbose stack     at saved (/home/tlt/.nvm/versions/node/v0.12.7/lib/node_modules/npm/lib/cache/caching-client.js:173:7)
30 verbose stack     at FSReqWrap.oncomplete (fs.js:95:15)
31 verbose cwd /home/tlt/lonic/myApp
32 error Linux 3.19.0-30-generic
33 error argv "/home/tlt/.nvm/versions/node/v0.12.7/bin/node" "/home/tlt/.nvm/versions/node/v0.12.7/bin/npm" "install" "weinre"
34 error node v0.12.7
35 error npm  v2.11.3
36 error code ETARGET
37 error notarget No compatible version found: weinre@'*'
37 error notarget Valid install targets:
37 error notarget ["2.0.0-pre-H0WTHDO5-incubating","2.0.0-pre-H1GCS73N-incubating","2.0.0-pre-H3FWTQKQ-incubating","2.0.0-pre-H41DGW8S-incubating","2.0.0-pre-H8EOSCLN-incubating","2.0.0-pre-H9PU2WST-incubating","2.0.0-pre-HA5N9T49","2.0.0-pre-HG9PLCRF","2.0.0-pre-HH0SN197","2.0.0-pre-HYFXM3QM","2.0.0-pre-HZ79PDUK","2.0.0-pre-HZO3BMNG","2.0.0-pre-I0Z7U9OV"]
37 error notarget
37 error notarget This is most likely not a problem with npm itself.
37 error notarget In most cases you or one of your dependencies are requesting
37 error notarget a package version that doesn't exist.
37 error notarget
37 error notarget It was specified as a dependency of 'myapp'
38 verbose exit [ 1, true ]
